{"contracts/cloneFactory/CloneFactory.sol":{"l":{"31":2,"32":2,"33":2,"34":40,"36":2},"path":"/Users/loki/Workspace/zulu-passport/contracts/cloneFactory/CloneFactory.sol","s":{"1":2,"2":2,"3":2,"4":40},"b":{},"f":{"1":2},"fnMap":{"1":{"name":"createClone","line":30,"loc":{"start":{"line":30,"column":2},"end":{"line":30,"column":72}}}},"statementMap":{"1":{"start":{"line":31,"column":4},"end":{"line":31,"column":155}},"2":{"start":{"line":32,"column":4},"end":{"line":32,"column":40}},"3":{"start":{"line":33,"column":4},"end":{"line":33,"column":1559}},"4":{"start":{"line":34,"column":6},"end":{"line":34,"column":35}}},"branchMap":{}},"contracts/cloneFactory/PassportCloneFactory.sol":{"l":{"19":1,"27":2,"39":0,"50":2,"51":2,"52":2,"53":2,"54":2,"55":2},"path":"/Users/loki/Workspace/zulu-passport/contracts/cloneFactory/PassportCloneFactory.sol","s":{"1":1,"2":2,"3":0,"4":2,"5":2,"6":2,"7":2,"8":2,"9":2},"b":{"1":[2,0]},"f":{"1":1,"2":2,"3":0,"4":2},"fnMap":{"1":{"name":null,"line":18,"loc":{"start":{"line":18,"column":4},"end":{"line":18,"column":46}}},"2":{"name":"createPassport","line":22,"loc":{"start":{"line":22,"column":4},"end":{"line":26,"column":5}}},"3":{"name":"createPassportByOwner","line":32,"loc":{"start":{"line":32,"column":4},"end":{"line":38,"column":5}}},"4":{"name":"_createPassport","line":44,"loc":{"start":{"line":44,"column":4},"end":{"line":49,"column":5}}}},"statementMap":{"1":{"start":{"line":19,"column":8},"end":{"line":19,"column":39}},"2":{"start":{"line":27,"column":8},"end":{"line":27,"column":748}},"3":{"start":{"line":39,"column":8},"end":{"line":39,"column":955}},"4":{"start":{"line":50,"column":8},"end":{"line":50,"column":47}},"5":{"start":{"line":51,"column":8},"end":{"line":51,"column":39}},"6":{"start":{"line":52,"column":8},"end":{"line":52,"column":42}},"7":{"start":{"line":53,"column":8},"end":{"line":53,"column":32}},"8":{"start":{"line":54,"column":8},"end":{"line":54,"column":31}},"9":{"start":{"line":55,"column":8},"end":{"line":55,"column":51}}},"branchMap":{"1":{"line":50,"type":"if","locations":[{"start":{"line":50,"column":8},"end":{"line":50,"column":8}},{"start":{"line":50,"column":8},"end":{"line":50,"column":8}}]}}},"contracts/ERC165.sol":{"l":{"8":3,"12":1,"16":0},"path":"/Users/loki/Workspace/zulu-passport/contracts/ERC165.sol","s":{"1":3,"2":1,"3":0},"b":{},"f":{"1":3,"2":1,"3":0},"fnMap":{"1":{"name":"ERC165ID","line":7,"loc":{"start":{"line":7,"column":4},"end":{"line":7,"column":50}}},"2":{"name":null,"line":11,"loc":{"start":{"line":11,"column":4},"end":{"line":11,"column":24}}},"3":{"name":"supportsInterface","line":15,"loc":{"start":{"line":15,"column":4},"end":{"line":15,"column":77}}}},"statementMap":{"1":{"start":{"line":8,"column":8},"end":{"line":8,"column":46}},"2":{"start":{"line":12,"column":8},"end":{"line":12,"column":45}},"3":{"start":{"line":16,"column":8},"end":{"line":16,"column":47}}},"branchMap":{}},"contracts/ERC165Query.sol":{"l":{"9":2,"10":2,"12":2,"13":2,"14":2,"17":0,"18":0,"19":0,"22":0,"23":0,"24":0,"26":0,"30":2,"32":2},"path":"/Users/loki/Workspace/zulu-passport/contracts/ERC165Query.sol","s":{"1":2,"2":2,"3":2,"4":0,"5":0,"6":0,"7":0,"8":0,"9":0,"10":0,"11":2},"b":{"1":[2,0],"2":[0,0],"3":[0,0]},"f":{"1":2,"2":2},"fnMap":{"1":{"name":"doesContractImplementInterface","line":8,"loc":{"start":{"line":8,"column":4},"end":{"line":8,"column":110}}},"2":{"name":"noThrowCall","line":29,"loc":{"start":{"line":29,"column":4},"end":{"line":29,"column":118}}}},"statementMap":{"1":{"start":{"line":12,"column":8},"end":{"line":12,"column":59}},"2":{"start":{"line":13,"column":8},"end":{"line":13,"column":380}},"3":{"start":{"line":14,"column":12},"end":{"line":14,"column":24}},"4":{"start":{"line":17,"column":8},"end":{"line":17,"column":60}},"5":{"start":{"line":18,"column":8},"end":{"line":18,"column":527}},"6":{"start":{"line":19,"column":12},"end":{"line":19,"column":24}},"7":{"start":{"line":22,"column":8},"end":{"line":22,"column":63}},"8":{"start":{"line":23,"column":8},"end":{"line":23,"column":677}},"9":{"start":{"line":24,"column":12},"end":{"line":24,"column":23}},"10":{"start":{"line":26,"column":8},"end":{"line":26,"column":20}},"11":{"start":{"line":30,"column":8},"end":{"line":30,"column":33}}},"branchMap":{"1":{"line":13,"type":"if","locations":[{"start":{"line":13,"column":8},"end":{"line":13,"column":8}},{"start":{"line":13,"column":8},"end":{"line":13,"column":8}}]},"2":{"line":18,"type":"if","locations":[{"start":{"line":18,"column":8},"end":{"line":18,"column":8}},{"start":{"line":18,"column":8},"end":{"line":18,"column":8}}]},"3":{"line":23,"type":"if","locations":[{"start":{"line":23,"column":8},"end":{"line":23,"column":8}},{"start":{"line":23,"column":8},"end":{"line":23,"column":8}}]}}},"contracts/passport/Passport.sol":{"l":{"41":2,"42":2,"44":2,"45":2,"46":2,"47":2,"48":2,"49":2,"50":2,"52":2,"54":2,"55":2,"66":0,"76":3,"77":3,"78":3,"79":3,"82":0,"91":0,"95":3,"96":3,"97":3,"101":3,"103":3,"115":0,"116":0,"118":0,"121":0,"123":0,"124":0,"125":0,"126":0,"130":0,"131":0,"132":0,"135":0,"141":0,"151":0,"154":0,"158":0,"161":0,"162":0,"163":0,"167":0,"168":0,"181":3,"197":0,"221":3,"226":3,"227":0,"228":0,"231":3,"232":3,"233":3,"234":3,"235":3,"236":3,"237":3,"239":3,"250":0,"251":0,"252":0,"254":0,"257":0},"path":"/Users/loki/Workspace/zulu-passport/contracts/passport/Passport.sol","s":{"1":2,"2":2,"3":2,"4":2,"5":2,"6":2,"7":2,"8":0,"9":3,"10":0,"11":3,"12":3,"13":3,"14":0,"15":0,"16":3,"17":3,"18":3,"19":3,"20":3,"21":0,"22":0,"23":0,"24":0,"25":0,"26":0,"27":0,"28":0,"29":0,"30":0,"31":0,"32":0,"33":0,"34":0,"35":0,"36":0,"37":0,"38":0,"39":3,"40":0,"41":3,"42":3,"43":0,"44":0,"45":3,"46":3,"47":3,"48":3,"49":3,"50":3,"51":3,"52":0,"53":0,"54":0,"55":0},"b":{"1":[2,0],"2":[0,3],"3":[3,0],"4":[3,0],"5":[3,0],"6":[0,0],"7":[0,0],"8":[0,0],"9":[0,0],"10":[0,0],"11":[0,0],"12":[0,0],"13":[0,3],"14":[0,0],"15":[0,0]},"f":{"1":2,"2":0,"3":3,"4":0,"5":3,"6":3,"7":0,"8":0,"9":3,"10":0,"11":3,"12":0,"13":0},"fnMap":{"1":{"name":"init","line":36,"loc":{"start":{"line":36,"column":4},"end":{"line":40,"column":5}}},"2":{"name":"getKey","line":65,"loc":{"start":{"line":65,"column":4},"end":{"line":65,"column":97}}},"3":{"name":"keyHasPurpose","line":75,"loc":{"start":{"line":75,"column":4},"end":{"line":75,"column":87}}},"4":{"name":"getKeysByPurpose","line":90,"loc":{"start":{"line":90,"column":4},"end":{"line":90,"column":80}}},"5":{"name":"shiftLeft","line":94,"loc":{"start":{"line":94,"column":4},"end":{"line":94,"column":74}}},"6":{"name":"shiftPurpose","line":100,"loc":{"start":{"line":100,"column":4},"end":{"line":100,"column":71}}},"7":{"name":"addKey","line":113,"loc":{"start":{"line":113,"column":4},"end":{"line":113,"column":96}}},"8":{"name":"removeKey","line":150,"loc":{"start":{"line":150,"column":4},"end":{"line":150,"column":81}}},"9":{"name":"getClaim","line":176,"loc":{"start":{"line":176,"column":4},"end":{"line":180,"column":5}}},"10":{"name":"getClaimIdsByTopic","line":196,"loc":{"start":{"line":196,"column":4},"end":{"line":196,"column":84}}},"11":{"name":"addClaim","line":210,"loc":{"start":{"line":210,"column":4},"end":{"line":220,"column":5}}},"12":{"name":"removeClaim","line":249,"loc":{"start":{"line":249,"column":4},"end":{"line":249,"column":69}}},"13":{"name":"canRemoveClaim","line":256,"loc":{"start":{"line":256,"column":4},"end":{"line":256,"column":50}}}},"statementMap":{"1":{"start":{"line":41,"column":8},"end":{"line":41,"column":28}},"2":{"start":{"line":42,"column":8},"end":{"line":42,"column":25}},"3":{"start":{"line":44,"column":8},"end":{"line":44,"column":50}},"4":{"start":{"line":45,"column":8},"end":{"line":45,"column":40}},"5":{"start":{"line":52,"column":8},"end":{"line":52,"column":41}},"6":{"start":{"line":54,"column":8},"end":{"line":54,"column":45}},"7":{"start":{"line":55,"column":8},"end":{"line":55,"column":56}},"8":{"start":{"line":66,"column":8},"end":{"line":66,"column":71}},"9":{"start":{"line":76,"column":8},"end":{"line":76,"column":45}},"10":{"start":{"line":76,"column":33},"end":{"line":76,"column":45}},"11":{"start":{"line":77,"column":8},"end":{"line":77,"column":53}},"12":{"start":{"line":78,"column":8},"end":{"line":78,"column":2083}},"13":{"start":{"line":79,"column":12},"end":{"line":79,"column":23}},"14":{"start":{"line":82,"column":8},"end":{"line":82,"column":20}},"15":{"start":{"line":91,"column":8},"end":{"line":91,"column":38}},"16":{"start":{"line":95,"column":8},"end":{"line":95,"column":25}},"17":{"start":{"line":96,"column":8},"end":{"line":96,"column":28}},"18":{"start":{"line":97,"column":8},"end":{"line":97,"column":16}},"19":{"start":{"line":101,"column":8},"end":{"line":101,"column":29}},"20":{"start":{"line":103,"column":8},"end":{"line":103,"column":41}},"21":{"start":{"line":115,"column":8},"end":{"line":115,"column":96}},"22":{"start":{"line":116,"column":8},"end":{"line":116,"column":29}},"23":{"start":{"line":118,"column":8},"end":{"line":118,"column":54}},"24":{"start":{"line":121,"column":8},"end":{"line":121,"column":3409}},"25":{"start":{"line":123,"column":12},"end":{"line":123,"column":32}},"26":{"start":{"line":124,"column":12},"end":{"line":124,"column":40}},"27":{"start":{"line":126,"column":12},"end":{"line":126,"column":46}},"28":{"start":{"line":130,"column":12},"end":{"line":130,"column":3680}},"29":{"start":{"line":132,"column":16},"end":{"line":132,"column":71}},"30":{"start":{"line":135,"column":8},"end":{"line":135,"column":47}},"31":{"start":{"line":141,"column":8},"end":{"line":141,"column":19}},"32":{"start":{"line":151,"column":8},"end":{"line":151,"column":84}},"33":{"start":{"line":154,"column":8},"end":{"line":154,"column":80}},"34":{"start":{"line":158,"column":8},"end":{"line":158,"column":72}},"35":{"start":{"line":161,"column":8},"end":{"line":161,"column":4823}},"36":{"start":{"line":162,"column":12},"end":{"line":162,"column":4899}},"37":{"start":{"line":167,"column":8},"end":{"line":167,"column":69}},"38":{"start":{"line":168,"column":8},"end":{"line":168,"column":19}},"39":{"start":{"line":181,"column":8},"end":{"line":181,"column":5472}},"40":{"start":{"line":197,"column":8},"end":{"line":197,"column":36}},"41":{"start":{"line":221,"column":8},"end":{"line":221,"column":42}},"42":{"start":{"line":226,"column":8},"end":{"line":226,"column":6826}},"43":{"start":{"line":227,"column":12},"end":{"line":227,"column":90}},"44":{"start":{"line":228,"column":12},"end":{"line":228,"column":18}},"45":{"start":{"line":232,"column":8},"end":{"line":232,"column":37}},"46":{"start":{"line":233,"column":8},"end":{"line":233,"column":39}},"47":{"start":{"line":234,"column":8},"end":{"line":234,"column":38}},"48":{"start":{"line":235,"column":8},"end":{"line":235,"column":45}},"49":{"start":{"line":236,"column":8},"end":{"line":236,"column":35}},"50":{"start":{"line":237,"column":8},"end":{"line":237,"column":33}},"51":{"start":{"line":239,"column":8},"end":{"line":239,"column":82}},"52":{"start":{"line":250,"column":8},"end":{"line":250,"column":65}},"53":{"start":{"line":251,"column":8},"end":{"line":251,"column":7707}},"54":{"start":{"line":254,"column":8},"end":{"line":254,"column":19}},"55":{"start":{"line":257,"column":8},"end":{"line":257,"column":52}}},"branchMap":{"1":{"line":41,"type":"if","locations":[{"start":{"line":41,"column":8},"end":{"line":41,"column":8}},{"start":{"line":41,"column":8},"end":{"line":41,"column":8}}]},"2":{"line":76,"type":"if","locations":[{"start":{"line":76,"column":8},"end":{"line":76,"column":8}},{"start":{"line":76,"column":8},"end":{"line":76,"column":8}}]},"3":{"line":78,"type":"if","locations":[{"start":{"line":78,"column":8},"end":{"line":78,"column":8}},{"start":{"line":78,"column":8},"end":{"line":78,"column":8}}]},"4":{"line":96,"type":"if","locations":[{"start":{"line":96,"column":8},"end":{"line":96,"column":8}},{"start":{"line":96,"column":8},"end":{"line":96,"column":8}}]},"5":{"line":101,"type":"if","locations":[{"start":{"line":101,"column":8},"end":{"line":101,"column":8}},{"start":{"line":101,"column":8},"end":{"line":101,"column":8}}]},"6":{"line":115,"type":"if","locations":[{"start":{"line":115,"column":8},"end":{"line":115,"column":8}},{"start":{"line":115,"column":8},"end":{"line":115,"column":8}}]},"7":{"line":116,"type":"if","locations":[{"start":{"line":116,"column":8},"end":{"line":116,"column":8}},{"start":{"line":116,"column":8},"end":{"line":116,"column":8}}]},"8":{"line":121,"type":"if","locations":[{"start":{"line":121,"column":8},"end":{"line":121,"column":8}},{"start":{"line":121,"column":8},"end":{"line":121,"column":8}}]},"9":{"line":130,"type":"if","locations":[{"start":{"line":130,"column":12},"end":{"line":130,"column":12}},{"start":{"line":130,"column":12},"end":{"line":130,"column":12}}]},"10":{"line":151,"type":"if","locations":[{"start":{"line":151,"column":8},"end":{"line":151,"column":8}},{"start":{"line":151,"column":8},"end":{"line":151,"column":8}}]},"11":{"line":154,"type":"if","locations":[{"start":{"line":154,"column":8},"end":{"line":154,"column":8}},{"start":{"line":154,"column":8},"end":{"line":154,"column":8}}]},"12":{"line":162,"type":"if","locations":[{"start":{"line":162,"column":12},"end":{"line":162,"column":12}},{"start":{"line":162,"column":12},"end":{"line":162,"column":12}}]},"13":{"line":226,"type":"if","locations":[{"start":{"line":226,"column":8},"end":{"line":226,"column":8}},{"start":{"line":226,"column":8},"end":{"line":226,"column":8}}]},"14":{"line":250,"type":"if","locations":[{"start":{"line":250,"column":8},"end":{"line":250,"column":8}},{"start":{"line":250,"column":8},"end":{"line":250,"column":8}}]},"15":{"line":251,"type":"if","locations":[{"start":{"line":251,"column":8},"end":{"line":251,"column":8}},{"start":{"line":251,"column":8},"end":{"line":251,"column":8}}]}}},"contracts/passport/PassportHelper.sol":{"l":{"11":0},"path":"/Users/loki/Workspace/zulu-passport/contracts/passport/PassportHelper.sol","s":{"1":0},"b":{},"f":{"1":0},"fnMap":{"1":{"name":"addressToBytes32","line":10,"loc":{"start":{"line":10,"column":4},"end":{"line":10,"column":69}}}},"statementMap":{"1":{"start":{"line":11,"column":8},"end":{"line":11,"column":28}}},"branchMap":{}},"contracts/passport/PassportInterface.sol":{"l":{"17":2},"path":"/Users/loki/Workspace/zulu-passport/contracts/passport/PassportInterface.sol","s":{"1":2},"b":{},"f":{"1":2},"fnMap":{"1":{"name":"PassportInterfaceID","line":16,"loc":{"start":{"line":16,"column":4},"end":{"line":16,"column":61}}}},"statementMap":{"1":{"start":{"line":17,"column":8},"end":{"line":17,"column":435}}},"branchMap":{}},"contracts/verifier/ClaimVerifier.sol":{"l":{"22":2,"29":2,"38":0,"39":0,"40":0,"41":0,"42":0,"45":0,"48":0,"49":0,"50":0,"52":0,"60":2,"61":2,"62":2,"63":2,"64":2,"66":2,"68":2,"69":2,"70":2,"72":0,"92":2,"93":2,"94":2,"95":0,"97":2,"98":0,"100":0,"104":2},"path":"/Users/loki/Workspace/zulu-passport/contracts/verifier/ClaimVerifier.sol","s":{"1":2,"2":2,"3":0,"4":0,"5":0,"6":0,"7":0,"8":2,"9":2,"10":2,"11":2,"12":0,"13":2,"14":2,"15":2,"16":0,"17":2,"18":0,"19":0,"20":2},"b":{"1":[0,0],"2":[2,0],"3":[2,0],"4":[0,2],"5":[0,2]},"f":{"1":2,"2":2,"3":0,"4":2,"5":2},"fnMap":{"1":{"name":"PassportID","line":21,"loc":{"start":{"line":21,"column":4},"end":{"line":21,"column":52}}},"2":{"name":"getSignatureAddress","line":25,"loc":{"start":{"line":25,"column":4},"end":{"line":28,"column":5}}},"3":{"name":"claimAndDataIsValid","line":33,"loc":{"start":{"line":33,"column":4},"end":{"line":37,"column":5}}},"4":{"name":"claimIsValid","line":55,"loc":{"start":{"line":55,"column":4},"end":{"line":59,"column":5}}},"5":{"name":"_validSignature","line":79,"loc":{"start":{"line":79,"column":4},"end":{"line":90,"column":5}}}},"statementMap":{"1":{"start":{"line":22,"column":8},"end":{"line":22,"column":27}},"2":{"start":{"line":29,"column":8},"end":{"line":29,"column":81}},"3":{"start":{"line":45,"column":8},"end":{"line":45,"column":69}},"4":{"start":{"line":48,"column":8},"end":{"line":48,"column":74}},"5":{"start":{"line":49,"column":8},"end":{"line":49,"column":1386}},"6":{"start":{"line":50,"column":12},"end":{"line":50,"column":24}},"7":{"start":{"line":52,"column":8},"end":{"line":52,"column":84}},"8":{"start":{"line":66,"column":8},"end":{"line":66,"column":69}},"9":{"start":{"line":68,"column":8},"end":{"line":68,"column":74}},"10":{"start":{"line":69,"column":8},"end":{"line":69,"column":1961}},"11":{"start":{"line":70,"column":12},"end":{"line":70,"column":88}},"12":{"start":{"line":72,"column":8},"end":{"line":72,"column":20}},"13":{"start":{"line":92,"column":8},"end":{"line":92,"column":2413}},"14":{"start":{"line":93,"column":12},"end":{"line":93,"column":116}},"15":{"start":{"line":94,"column":12},"end":{"line":94,"column":2568}},"16":{"start":{"line":95,"column":16},"end":{"line":95,"column":27}},"17":{"start":{"line":97,"column":12},"end":{"line":97,"column":2654}},"18":{"start":{"line":98,"column":16},"end":{"line":98,"column":31}},"19":{"start":{"line":100,"column":16},"end":{"line":100,"column":84}},"20":{"start":{"line":104,"column":8},"end":{"line":104,"column":20}}},"branchMap":{"1":{"line":49,"type":"if","locations":[{"start":{"line":49,"column":8},"end":{"line":49,"column":8}},{"start":{"line":49,"column":8},"end":{"line":49,"column":8}}]},"2":{"line":69,"type":"if","locations":[{"start":{"line":69,"column":8},"end":{"line":69,"column":8}},{"start":{"line":69,"column":8},"end":{"line":69,"column":8}}]},"3":{"line":92,"type":"if","locations":[{"start":{"line":92,"column":8},"end":{"line":92,"column":8}},{"start":{"line":92,"column":8},"end":{"line":92,"column":8}}]},"4":{"line":94,"type":"if","locations":[{"start":{"line":94,"column":12},"end":{"line":94,"column":12}},{"start":{"line":94,"column":12},"end":{"line":94,"column":12}}]},"5":{"line":97,"type":"if","locations":[{"start":{"line":97,"column":12},"end":{"line":97,"column":12}},{"start":{"line":97,"column":12},"end":{"line":97,"column":12}}]}}}}